Server listening on http://0.0.0.0:18108 (workers=8, queue=32, backlog=64, simulated_work_us=0)
SERVER_SUMMARY_BEGIN
worker_count=8
queue_capacity=32
simulated_work_us=0
total_requests_received=30001
total_requests_completed=29743
total_requests_failed=258
total_503_responses=258
total_queue_full_events=258
enqueue_success_count=29743
enqueue_fail_count=258
max_queue_length_observed=32
average_queue_length=0.151
average_queue_wait_ms=0.052
average_execution_ms=0.005
average_total_response_ms=0.088
throughput_success_rps=2886.137
worker_busy_ratio=0.0128
SERVER_SUMMARY_END
