

  █ THRESHOLDS 

    http_req_failed
    ✓ 'rate==0' rate=0.00%


  █ TOTAL RESULTS 

    checks_total.......: 5000    4819.829937/s
    checks_succeeded...: 100.00% 5000 out of 5000
    checks_failed......: 0.00%   0 out of 5000

    ✓ seed status is 200

    HTTP
    http_req_duration..............: avg=322.55µs min=287µs    med=309µs    max=12ms    p(90)=340µs    p(95)=364µs   
      { expected_response:true }...: avg=322.55µs min=287µs    med=309µs    max=12ms    p(90)=340µs    p(95)=364µs   
    http_req_failed................: 0.00%  0 out of 5000
    http_reqs......................: 5000   4819.829937/s

    EXECUTION
    iteration_duration.............: avg=412.65µs min=350.87µs med=389.43µs max=12.07ms p(90)=459.37µs p(95)=519.37µs
    iterations.....................: 5000   4819.829937/s
    vus............................: 2      min=2         max=2
    vus_max........................: 2      min=2         max=2

    NETWORK
    data_received..................: 755 kB 728 kB/s
    data_sent......................: 1.0 MB 972 kB/s



