

  █ THRESHOLDS 

    http_req_failed
    ✓ 'rate==0' rate=0.00%


  █ TOTAL RESULTS 

    checks_total.......: 5000    4630.165528/s
    checks_succeeded...: 100.00% 5000 out of 5000
    checks_failed......: 0.00%   0 out of 5000

    ✓ seed status is 200

    HTTP
    http_req_duration..............: avg=2.05ms min=329µs    med=2.04ms max=5.99ms p(90)=2.12ms p(95)=2.17ms
      { expected_response:true }...: avg=2.05ms min=329µs    med=2.04ms max=5.99ms p(90)=2.12ms p(95)=2.17ms
    http_req_failed................: 0.00%  0 out of 5000
    http_reqs......................: 5000   4630.165528/s

    EXECUTION
    iteration_duration.............: avg=2.15ms min=552.45µs med=2.12ms max=6.12ms p(90)=2.22ms p(95)=2.28ms
    iterations.....................: 5000   4630.165528/s
    vus............................: 10     min=10        max=10
    vus_max........................: 10     min=10        max=10

    NETWORK
    data_received..................: 755 kB 699 kB/s
    data_sent......................: 1.0 MB 930 kB/s



