Server listening on http://0.0.0.0:18173 (workers=1, queue=32, backlog=64, simulated_work_us=200)
SERVER_SUMMARY_BEGIN
worker_count=1
queue_capacity=32
simulated_work_us=200
total_requests_received=30001
total_requests_completed=29876
total_requests_failed=125
total_503_responses=125
total_queue_full_events=125
enqueue_success_count=29876
enqueue_fail_count=125
max_queue_length_observed=32
average_queue_length=0.568
average_queue_wait_ms=0.200
average_execution_ms=0.207
average_total_response_ms=0.436
throughput_success_rps=2847.249
worker_busy_ratio=0.6716
SERVER_SUMMARY_END
