

  █ THRESHOLDS 

    http_req_failed
    ✓ 'rate==0' rate=0.00%


  █ TOTAL RESULTS 

    checks_total.......: 5000    2588.558468/s
    checks_succeeded...: 100.00% 5000 out of 5000
    checks_failed......: 0.00%   0 out of 5000

    ✓ seed status is 200

    HTTP
    http_req_duration..............: avg=629.61µs min=540µs    med=604µs    max=32.55ms p(90)=642µs    p(95)=664µs   
      { expected_response:true }...: avg=629.61µs min=540µs    med=604µs    max=32.55ms p(90)=642µs    p(95)=664µs   
    http_req_failed................: 0.00%  0 out of 5000
    http_reqs......................: 5000   2588.558468/s

    EXECUTION
    iteration_duration.............: avg=770.34µs min=612.87µs med=740.22µs max=32.73ms p(90)=808.59µs p(95)=843.76µs
    iterations.....................: 5000   2588.558468/s
    vus............................: 2      min=2         max=2
    vus_max........................: 2      min=2         max=2

    NETWORK
    data_received..................: 755 kB 391 kB/s
    data_sent......................: 1.0 MB 522 kB/s



