

  █ THRESHOLDS 

    http_req_failed
    ✓ 'rate==0' rate=0.00%


  █ TOTAL RESULTS 

    checks_total.......: 5000    2460.294537/s
    checks_succeeded...: 100.00% 5000 out of 5000
    checks_failed......: 0.00%   0 out of 5000

    ✓ seed status is 200

    HTTP
    http_req_duration..............: avg=656.21µs min=558µs med=602µs    max=36.26ms p(90)=644µs    p(95)=667µs   
      { expected_response:true }...: avg=656.21µs min=558µs med=602µs    max=36.26ms p(90)=644µs    p(95)=667µs   
    http_req_failed................: 0.00%  0 out of 5000
    http_reqs......................: 5000   2460.294537/s

    EXECUTION
    iteration_duration.............: avg=810.11µs min=655µs med=739.62µs max=38.52ms p(90)=812.26µs p(95)=857.71µs
    iterations.....................: 5000   2460.294537/s
    vus............................: 2      min=2         max=2
    vus_max........................: 2      min=2         max=2

    NETWORK
    data_received..................: 755 kB 372 kB/s
    data_sent......................: 1.0 MB 496 kB/s



