Server listening on http://0.0.0.0:18207 (workers=8, queue=64, backlog=64, simulated_work_us=100)
SERVER_SUMMARY_BEGIN
worker_count=8
queue_capacity=64
simulated_work_us=100
total_requests_received=50000
total_requests_completed=49614
total_requests_failed=386
total_503_responses=386
total_queue_full_events=386
enqueue_success_count=49614
enqueue_fail_count=386
max_queue_length_observed=64
average_queue_length=0.553
average_queue_wait_ms=0.115
average_execution_ms=0.116
average_total_response_ms=0.262
throughput_success_rps=4809.207
worker_busy_ratio=0.0883
SERVER_SUMMARY_END
