

  █ THRESHOLDS 

    http_req_failed
    ✓ 'rate==0' rate=0.00%


  █ TOTAL RESULTS 

    checks_total.......: 5000    4602.703812/s
    checks_succeeded...: 100.00% 5000 out of 5000
    checks_failed......: 0.00%   0 out of 5000

    ✓ seed status is 200

    HTTP
    http_req_duration..............: avg=329.39µs min=289µs    med=310µs    max=15.77ms p(90)=352µs    p(95)=380.04µs
      { expected_response:true }...: avg=329.39µs min=289µs    med=310µs    max=15.77ms p(90)=352µs    p(95)=380.04µs
    http_req_failed................: 0.00%  0 out of 5000
    http_reqs......................: 5000   4602.703812/s

    EXECUTION
    iteration_duration.............: avg=431.95µs min=356.33µs med=398.08µs max=15.85ms p(90)=485.84µs p(95)=538.29µs
    iterations.....................: 5000   4602.703812/s
    vus............................: 2      min=2         max=2
    vus_max........................: 2      min=2         max=2

    NETWORK
    data_received..................: 755 kB 695 kB/s
    data_sent......................: 1.0 MB 928 kB/s



