

  █ THRESHOLDS 

    http_req_failed
    ✓ 'rate==0' rate=0.00%


  █ TOTAL RESULTS 

    checks_total.......: 5000    4864.111322/s
    checks_succeeded...: 100.00% 5000 out of 5000
    checks_failed......: 0.00%   0 out of 5000

    ✓ seed status is 200

    HTTP
    http_req_duration..............: avg=318.41µs min=288µs    med=308µs    max=14.01ms p(90)=336µs    p(95)=355µs   
      { expected_response:true }...: avg=318.41µs min=288µs    med=308µs    max=14.01ms p(90)=336µs    p(95)=355µs   
    http_req_failed................: 0.00%  0 out of 5000
    http_reqs......................: 5000   4864.111322/s

    EXECUTION
    iteration_duration.............: avg=408.81µs min=353.08µs med=388.41µs max=14.15ms p(90)=442.95µs p(95)=490.92µs
    iterations.....................: 5000   4864.111322/s
    vus............................: 2      min=2         max=2
    vus_max........................: 2      min=2         max=2

    NETWORK
    data_received..................: 755 kB 735 kB/s
    data_sent......................: 1.0 MB 980 kB/s



