Server listening on http://0.0.0.0:18208 (workers=8, queue=64, backlog=64, simulated_work_us=250)
SERVER_SUMMARY_BEGIN
worker_count=8
queue_capacity=64
simulated_work_us=250
total_requests_received=30001
total_requests_completed=29920
total_requests_failed=81
total_503_responses=81
total_queue_full_events=81
enqueue_success_count=29920
enqueue_fail_count=81
max_queue_length_observed=64
average_queue_length=0.194
average_queue_wait_ms=0.069
average_execution_ms=0.255
average_total_response_ms=0.360
throughput_success_rps=2831.638
worker_busy_ratio=0.1033
SERVER_SUMMARY_END
