

  █ THRESHOLDS 

    http_req_failed
    ✓ 'rate==0' rate=0.00%


  █ TOTAL RESULTS 

    checks_total.......: 5000    2616.661224/s
    checks_succeeded...: 100.00% 5000 out of 5000
    checks_failed......: 0.00%   0 out of 5000

    ✓ seed status is 200

    HTTP
    http_req_duration..............: avg=627.25µs min=540µs    med=601µs    max=35.72ms p(90)=646µs   p(95)=674µs   
      { expected_response:true }...: avg=627.25µs min=540µs    med=601µs    max=35.72ms p(90)=646µs   p(95)=674µs   
    http_req_failed................: 0.00%  0 out of 5000
    http_reqs......................: 5000   2616.661224/s

    EXECUTION
    iteration_duration.............: avg=761.9µs  min=609.79µs med=732.29µs max=36.1ms  p(90)=816.5µs p(95)=856.47µs
    iterations.....................: 5000   2616.661224/s
    vus............................: 2      min=2         max=2
    vus_max........................: 2      min=2         max=2

    NETWORK
    data_received..................: 755 kB 395 kB/s
    data_sent......................: 1.0 MB 527 kB/s



