

  █ THRESHOLDS 

    http_req_failed
    ✓ 'rate==0' rate=0.00%


  █ TOTAL RESULTS 

    checks_total.......: 5000    2596.918289/s
    checks_succeeded...: 100.00% 5000 out of 5000
    checks_failed......: 0.00%   0 out of 5000

    ✓ seed status is 200

    HTTP
    http_req_duration..............: avg=627.25µs min=542µs    med=598µs    max=32.48ms p(90)=646µs    p(95)=671µs   
      { expected_response:true }...: avg=627.25µs min=542µs    med=598µs    max=32.48ms p(90)=646µs    p(95)=671µs   
    http_req_failed................: 0.00%  0 out of 5000
    http_reqs......................: 5000   2596.918289/s

    EXECUTION
    iteration_duration.............: avg=767.58µs min=612.41µs med=731.93µs max=32.6ms  p(90)=811.01µs p(95)=861.83µs
    iterations.....................: 5000   2596.918289/s
    vus............................: 2      min=2         max=2
    vus_max........................: 2      min=2         max=2

    NETWORK
    data_received..................: 755 kB 392 kB/s
    data_sent......................: 1.0 MB 523 kB/s



