

  █ THRESHOLDS 

    http_req_failed
    ✓ 'rate==0' rate=0.00%


  █ TOTAL RESULTS 

    checks_total.......: 5000    1922.783329/s
    checks_succeeded...: 100.00% 5000 out of 5000
    checks_failed......: 0.00%   0 out of 5000

    ✓ seed status is 200

    HTTP
    http_req_duration..............: avg=5.04ms min=765µs  med=5ms    max=14.14ms p(90)=5.09ms p(95)=5.21ms
      { expected_response:true }...: avg=5.04ms min=765µs  med=5ms    max=14.14ms p(90)=5.09ms p(95)=5.21ms
    http_req_failed................: 0.00%  0 out of 5000
    http_reqs......................: 5000   1922.783329/s

    EXECUTION
    iteration_duration.............: avg=5.19ms min=1.08ms med=5.13ms max=14.3ms  p(90)=5.24ms p(95)=5.4ms 
    iterations.....................: 5000   1922.783329/s
    vus............................: 10     min=10        max=10
    vus_max........................: 10     min=10        max=10

    NETWORK
    data_received..................: 755 kB 290 kB/s
    data_sent......................: 1.0 MB 386 kB/s



