Server listening on http://0.0.0.0:18174 (workers=1, queue=32, backlog=64, simulated_work_us=500)
SERVER_SUMMARY_BEGIN
worker_count=1
queue_capacity=32
simulated_work_us=500
total_requests_received=30001
total_requests_completed=19061
total_requests_failed=10940
total_503_responses=10940
total_queue_full_events=10940
enqueue_success_count=19061
enqueue_fail_count=10940
max_queue_length_observed=32
average_queue_length=29.906
average_queue_wait_ms=16.460
average_execution_ms=0.508
average_total_response_ms=16.981
throughput_success_rps=1816.950
worker_busy_ratio=0.9465
SERVER_SUMMARY_END
