Server listening on http://0.0.0.0:18219 (workers=8, queue=32, backlog=64, simulated_work_us=250)
SERVER_SUMMARY_BEGIN
worker_count=8
queue_capacity=32
simulated_work_us=250
total_requests_received=49999
total_requests_completed=49116
total_requests_failed=883
total_503_responses=883
total_queue_full_events=883
enqueue_success_count=49116
enqueue_fail_count=883
max_queue_length_observed=32
average_queue_length=0.532
average_queue_wait_ms=0.114
average_execution_ms=0.265
average_total_response_ms=0.414
throughput_success_rps=4694.524
worker_busy_ratio=0.1760
SERVER_SUMMARY_END
