

  █ THRESHOLDS 

    http_req_failed
    ✓ 'rate==0' rate=0.00%


  █ TOTAL RESULTS 

    checks_total.......: 5000    2588.29851/s
    checks_succeeded...: 100.00% 5000 out of 5000
    checks_failed......: 0.00%   0 out of 5000

    ✓ seed status is 200

    HTTP
    http_req_duration..............: avg=617.26µs min=550µs   med=603µs    max=23.46ms p(90)=640µs p(95)=664µs   
      { expected_response:true }...: avg=617.26µs min=550µs   med=603µs    max=23.46ms p(90)=640µs p(95)=664µs   
    http_req_failed................: 0.00%  0 out of 5000
    http_reqs......................: 5000   2588.29851/s

    EXECUTION
    iteration_duration.............: avg=770.2µs  min=620.7µs med=739.79µs max=23.72ms p(90)=809µs p(95)=848.54µs
    iterations.....................: 5000   2588.29851/s
    vus............................: 2      min=2         max=2
    vus_max........................: 2      min=2         max=2

    NETWORK
    data_received..................: 755 kB 391 kB/s
    data_sent......................: 1.0 MB 522 kB/s



