Server listening on http://0.0.0.0:18207 (workers=8, queue=32, backlog=64, simulated_work_us=0)
SERVER_SUMMARY_BEGIN
worker_count=8
queue_capacity=32
simulated_work_us=0
total_requests_received=30000
total_requests_completed=29835
total_requests_failed=165
total_503_responses=165
total_queue_full_events=165
enqueue_success_count=29835
enqueue_fail_count=165
max_queue_length_observed=32
average_queue_length=0.058
average_queue_wait_ms=0.020
average_execution_ms=0.005
average_total_response_ms=0.050
throughput_success_rps=2849.783
worker_busy_ratio=0.0105
SERVER_SUMMARY_END
