Server listening on http://0.0.0.0:18118 (workers=8, queue=32, backlog=64, simulated_work_us=0)
SERVER_SUMMARY_BEGIN
worker_count=8
queue_capacity=32
simulated_work_us=0
total_requests_received=50000
total_requests_completed=48699
total_requests_failed=1301
total_503_responses=1301
total_queue_full_events=1301
enqueue_success_count=48699
enqueue_fail_count=1301
max_queue_length_observed=32
average_queue_length=0.518
average_queue_wait_ms=0.111
average_execution_ms=0.030
average_total_response_ms=0.176
throughput_success_rps=4674.026
worker_busy_ratio=0.0376
SERVER_SUMMARY_END
