Server listening on http://0.0.0.0:18118 (workers=8, queue=32, backlog=64, simulated_work_us=0)
SERVER_SUMMARY_BEGIN
worker_count=8
queue_capacity=32
simulated_work_us=0
total_requests_received=30001
total_requests_completed=29839
total_requests_failed=162
total_503_responses=162
total_queue_full_events=162
enqueue_success_count=29839
enqueue_fail_count=162
max_queue_length_observed=32
average_queue_length=0.064
average_queue_wait_ms=0.022
average_execution_ms=0.004
average_total_response_ms=0.050
throughput_success_rps=2894.783
worker_busy_ratio=0.0099
SERVER_SUMMARY_END
