

  █ THRESHOLDS 

    http_req_failed
    ✓ 'rate==0' rate=0.00%


  █ TOTAL RESULTS 

    checks_total.......: 5000    2599.145713/s
    checks_succeeded...: 100.00% 5000 out of 5000
    checks_failed......: 0.00%   0 out of 5000

    ✓ seed status is 200

    HTTP
    http_req_duration..............: avg=629.23µs min=535µs    med=600µs    max=39.29ms p(90)=641µs    p(95)=662µs   
      { expected_response:true }...: avg=629.23µs min=535µs    med=600µs    max=39.29ms p(90)=641µs    p(95)=662µs   
    http_req_failed................: 0.00%  0 out of 5000
    http_reqs......................: 5000   2599.145713/s

    EXECUTION
    iteration_duration.............: avg=767.27µs min=601.58µs med=733.41µs max=39.43ms p(90)=809.96µs p(95)=844.13µs
    iterations.....................: 5000   2599.145713/s
    vus............................: 2      min=2         max=2
    vus_max........................: 2      min=2         max=2

    NETWORK
    data_received..................: 755 kB 393 kB/s
    data_sent......................: 1.0 MB 524 kB/s



