Server listening on http://0.0.0.0:18215 (workers=8, queue=64, backlog=64, simulated_work_us=500)
SERVER_SUMMARY_BEGIN
worker_count=8
queue_capacity=64
simulated_work_us=500
total_requests_received=30001
total_requests_completed=29992
total_requests_failed=9
total_503_responses=9
total_queue_full_events=9
enqueue_success_count=29992
enqueue_fail_count=9
max_queue_length_observed=64
average_queue_length=0.196
average_queue_wait_ms=0.069
average_execution_ms=0.506
average_total_response_ms=0.602
throughput_success_rps=2856.078
worker_busy_ratio=0.1902
SERVER_SUMMARY_END
