

  █ THRESHOLDS 

    http_req_failed
    ✓ 'rate==0' rate=0.00%


  █ TOTAL RESULTS 

    checks_total.......: 5000    2560.751263/s
    checks_succeeded...: 100.00% 5000 out of 5000
    checks_failed......: 0.00%   0 out of 5000

    ✓ seed status is 200

    HTTP
    http_req_duration..............: avg=630.81µs min=556µs    med=605µs    max=17.55ms p(90)=649µs    p(95)=676.04µs
      { expected_response:true }...: avg=630.81µs min=556µs    med=605µs    max=17.55ms p(90)=649µs    p(95)=676.04µs
    http_req_failed................: 0.00%  0 out of 5000
    http_reqs......................: 5000   2560.751263/s

    EXECUTION
    iteration_duration.............: avg=777.21µs min=656.79µs med=741.95µs max=17.71ms p(90)=819.84µs p(95)=864.78µs
    iterations.....................: 5000   2560.751263/s
    vus............................: 2      min=2         max=2
    vus_max........................: 2      min=2         max=2

    NETWORK
    data_received..................: 755 kB 387 kB/s
    data_sent......................: 1.0 MB 516 kB/s



