Server listening on http://0.0.0.0:18200 (workers=8, queue=64, backlog=64, simulated_work_us=500)
SERVER_SUMMARY_BEGIN
worker_count=8
queue_capacity=64
simulated_work_us=500
total_requests_received=50001
total_requests_completed=49557
total_requests_failed=444
total_503_responses=444
total_queue_full_events=444
enqueue_success_count=49557
enqueue_fail_count=444
max_queue_length_observed=64
average_queue_length=1.418
average_queue_wait_ms=0.296
average_execution_ms=0.526
average_total_response_ms=0.882
throughput_success_rps=4800.283
worker_busy_ratio=0.3520
SERVER_SUMMARY_END
