Server listening on http://0.0.0.0:18107 (workers=8, queue=64, backlog=64, simulated_work_us=0)
SERVER_SUMMARY_BEGIN
worker_count=8
queue_capacity=64
simulated_work_us=0
total_requests_received=30001
total_requests_completed=29925
total_requests_failed=76
total_503_responses=76
total_queue_full_events=76
enqueue_success_count=29925
enqueue_fail_count=76
max_queue_length_observed=64
average_queue_length=0.298
average_queue_wait_ms=0.123
average_execution_ms=0.005
average_total_response_ms=0.179
throughput_success_rps=2423.717
worker_busy_ratio=0.0168
SERVER_SUMMARY_END
