

  █ TOTAL RESULTS 

    checks_total.......: 30000   2999.728825/s
    checks_succeeded...: 100.00% 30000 out of 30000
    checks_failed......: 0.00%   0 out of 30000

    ✓ status is 200 or 503

    CUSTOM
    status_503.....................: 3      0.299973/s
    success_duration...............: avg=0.75474  min=0.537   med=0.562    max=33.372  p(90)=0.648    p(95)=1.1394

    HTTP
    http_req_duration..............: avg=754.68µs min=40µs    med=562µs    max=33.37ms p(90)=648µs    p(95)=1.13ms
      { expected_response:true }...: avg=754.73µs min=537µs   med=562µs    max=33.37ms p(90)=648µs    p(95)=1.13ms
    http_req_failed................: 0.01%  3 out of 30000
    http_reqs......................: 30000  2999.728825/s

    EXECUTION
    iteration_duration.............: avg=965.58µs min=307.7µs med=656.66µs max=41.2ms  p(90)=828.58µs p(95)=1.48ms
    iterations.....................: 30000  2999.728825/s
    vus............................: 2      min=1          max=2   
    vus_max........................: 1000   min=1000       max=1000

    NETWORK
    data_received..................: 5.2 MB 517 kB/s
    data_sent......................: 5.4 MB 542 kB/s



