Server listening on http://0.0.0.0:18217 (workers=8, queue=48, backlog=64, simulated_work_us=100)
SERVER_SUMMARY_BEGIN
worker_count=8
queue_capacity=48
simulated_work_us=100
total_requests_received=50000
total_requests_completed=49546
total_requests_failed=454
total_503_responses=454
total_queue_full_events=454
enqueue_success_count=49546
enqueue_fail_count=454
max_queue_length_observed=48
average_queue_length=0.452
average_queue_wait_ms=0.097
average_execution_ms=0.116
average_total_response_ms=0.243
throughput_success_rps=4672.667
worker_busy_ratio=0.0852
SERVER_SUMMARY_END
