Server listening on http://0.0.0.0:18217 (workers=8, queue=64, backlog=64, simulated_work_us=0)
SERVER_SUMMARY_BEGIN
worker_count=8
queue_capacity=64
simulated_work_us=0
total_requests_received=30001
total_requests_completed=30001
total_requests_failed=0
total_503_responses=0
total_queue_full_events=0
enqueue_success_count=30001
enqueue_fail_count=0
max_queue_length_observed=56
average_queue_length=0.087
average_queue_wait_ms=0.030
average_execution_ms=0.005
average_total_response_ms=0.062
throughput_success_rps=2868.083
worker_busy_ratio=0.0112
SERVER_SUMMARY_END
