Server listening on http://0.0.0.0:18106 (workers=8, queue=48, backlog=64, simulated_work_us=0)
SERVER_SUMMARY_BEGIN
worker_count=8
queue_capacity=48
simulated_work_us=0
total_requests_received=30001
total_requests_completed=29901
total_requests_failed=100
total_503_responses=100
total_queue_full_events=100
enqueue_success_count=29901
enqueue_fail_count=100
max_queue_length_observed=48
average_queue_length=0.226
average_queue_wait_ms=0.082
average_execution_ms=0.005
average_total_response_ms=0.125
throughput_success_rps=2754.664
worker_busy_ratio=0.0150
SERVER_SUMMARY_END
