Server listening on http://0.0.0.0:18205 (workers=8, queue=48, backlog=64, simulated_work_us=100)
SERVER_SUMMARY_BEGIN
worker_count=8
queue_capacity=48
simulated_work_us=100
total_requests_received=50000
total_requests_completed=49429
total_requests_failed=571
total_503_responses=571
total_queue_full_events=571
enqueue_success_count=49429
enqueue_fail_count=571
max_queue_length_observed=48
average_queue_length=0.321
average_queue_wait_ms=0.068
average_execution_ms=0.110
average_total_response_ms=0.207
throughput_success_rps=4740.908
worker_busy_ratio=0.0824
SERVER_SUMMARY_END
