

  █ THRESHOLDS 

    http_req_failed
    ✓ 'rate==0' rate=0.00%


  █ TOTAL RESULTS 

    checks_total.......: 5000    4848.480147/s
    checks_succeeded...: 100.00% 5000 out of 5000
    checks_failed......: 0.00%   0 out of 5000

    ✓ seed status is 200

    HTTP
    http_req_duration..............: avg=321.1µs  min=287µs    med=306µs    max=14.33ms p(90)=346µs    p(95)=369µs   
      { expected_response:true }...: avg=321.1µs  min=287µs    med=306µs    max=14.33ms p(90)=346µs    p(95)=369µs   
    http_req_failed................: 0.00%  0 out of 5000
    http_reqs......................: 5000   4848.480147/s

    EXECUTION
    iteration_duration.............: avg=410.27µs min=350.16µs med=384.66µs max=14.42ms p(90)=476.34µs p(95)=516.81µs
    iterations.....................: 5000   4848.480147/s
    vus............................: 2      min=2         max=2
    vus_max........................: 2      min=2         max=2

    NETWORK
    data_received..................: 755 kB 732 kB/s
    data_sent......................: 1.0 MB 977 kB/s



