Server listening on http://0.0.0.0:18202 (workers=8, queue=48, backlog=64, simulated_work_us=500)
SERVER_SUMMARY_BEGIN
worker_count=8
queue_capacity=48
simulated_work_us=500
total_requests_received=50014
total_requests_completed=49166
total_requests_failed=848
total_503_responses=848
total_queue_full_events=848
enqueue_success_count=49166
enqueue_fail_count=848
max_queue_length_observed=48
average_queue_length=1.844
average_queue_wait_ms=0.389
average_execution_ms=0.551
average_total_response_ms=1.001
throughput_success_rps=4746.579
worker_busy_ratio=0.3633
SERVER_SUMMARY_END
