

  █ THRESHOLDS 

    http_req_failed
    ✓ 'rate==0' rate=0.00%


  █ TOTAL RESULTS 

    checks_total.......: 5000    2611.241499/s
    checks_succeeded...: 100.00% 5000 out of 5000
    checks_failed......: 0.00%   0 out of 5000

    ✓ seed status is 200

    HTTP
    http_req_duration..............: avg=608.53µs min=541µs    med=598µs    max=36.45ms p(90)=641µs    p(95)=662.04µs
      { expected_response:true }...: avg=608.53µs min=541µs    med=598µs    max=36.45ms p(90)=641µs    p(95)=662.04µs
    http_req_failed................: 0.00%  0 out of 5000
    http_reqs......................: 5000   2611.241499/s

    EXECUTION
    iteration_duration.............: avg=763.52µs min=610.16µs med=733.41µs max=37.1ms  p(90)=811.97µs p(95)=846.71µs
    iterations.....................: 5000   2611.241499/s
    vus............................: 2      min=2         max=2
    vus_max........................: 2      min=2         max=2

    NETWORK
    data_received..................: 755 kB 394 kB/s
    data_sent......................: 1.0 MB 526 kB/s



