Server listening on http://0.0.0.0:18201 (workers=8, queue=32, backlog=64, simulated_work_us=500)
SERVER_SUMMARY_BEGIN
worker_count=8
queue_capacity=32
simulated_work_us=500
total_requests_received=30001
total_requests_completed=29817
total_requests_failed=184
total_503_responses=184
total_queue_full_events=184
enqueue_success_count=29817
enqueue_fail_count=184
max_queue_length_observed=32
average_queue_length=0.211
average_queue_wait_ms=0.072
average_execution_ms=0.509
average_total_response_ms=0.609
throughput_success_rps=2950.496
worker_busy_ratio=0.1981
SERVER_SUMMARY_END
