Server listening on http://0.0.0.0:18100 (workers=8, queue=64, backlog=64, simulated_work_us=0)
SERVER_SUMMARY_BEGIN
worker_count=8
queue_capacity=64
simulated_work_us=0
total_requests_received=50001
total_requests_completed=49664
total_requests_failed=337
total_503_responses=337
total_queue_full_events=337
enqueue_success_count=49664
enqueue_fail_count=337
max_queue_length_observed=64
average_queue_length=0.238
average_queue_wait_ms=0.050
average_execution_ms=0.009
average_total_response_ms=0.084
throughput_success_rps=4733.959
worker_busy_ratio=0.0200
SERVER_SUMMARY_END
