Server listening on http://0.0.0.0:18105 (workers=8, queue=32, backlog=64, simulated_work_us=0)
SERVER_SUMMARY_BEGIN
worker_count=8
queue_capacity=32
simulated_work_us=0
total_requests_received=29989
total_requests_completed=29808
total_requests_failed=181
total_503_responses=181
total_queue_full_events=181
enqueue_success_count=29808
enqueue_fail_count=181
max_queue_length_observed=32
average_queue_length=0.100
average_queue_wait_ms=0.035
average_execution_ms=0.005
average_total_response_ms=0.070
throughput_success_rps=2853.062
worker_busy_ratio=0.0126
SERVER_SUMMARY_END
