

  █ THRESHOLDS 

    http_req_failed
    ✓ 'rate==0' rate=0.00%


  █ TOTAL RESULTS 

    checks_total.......: 5000    4827.415083/s
    checks_succeeded...: 100.00% 5000 out of 5000
    checks_failed......: 0.00%   0 out of 5000

    ✓ seed status is 200

    HTTP
    http_req_duration..............: avg=323.59µs min=285µs   med=311µs    max=5.29ms p(90)=354.1µs  p(95)=377µs   
      { expected_response:true }...: avg=323.59µs min=285µs   med=311µs    max=5.29ms p(90)=354.1µs  p(95)=377µs   
    http_req_failed................: 0.00%  0 out of 5000
    http_reqs......................: 5000   4827.415083/s

    EXECUTION
    iteration_duration.............: avg=411.81µs min=345.2µs med=387.93µs max=5.38ms p(90)=473.29µs p(95)=517.25µs
    iterations.....................: 5000   4827.415083/s
    vus............................: 2      min=2         max=2
    vus_max........................: 2      min=2         max=2

    NETWORK
    data_received..................: 755 kB 729 kB/s
    data_sent......................: 1.0 MB 973 kB/s



