

  █ THRESHOLDS 

    http_req_failed
    ✓ 'rate==0' rate=0.00%


  █ TOTAL RESULTS 

    checks_total.......: 5000    2571.008689/s
    checks_succeeded...: 100.00% 5000 out of 5000
    checks_failed......: 0.00%   0 out of 5000

    ✓ seed status is 200

    HTTP
    http_req_duration..............: avg=619.42µs min=542µs   med=604µs    max=20.91ms p(90)=647µs    p(95)=673.04µs
      { expected_response:true }...: avg=619.42µs min=542µs   med=604µs    max=20.91ms p(90)=647µs    p(95)=673.04µs
    http_req_failed................: 0.00%  0 out of 5000
    http_reqs......................: 5000   2571.008689/s

    EXECUTION
    iteration_duration.............: avg=775.33µs min=619.5µs med=746.47µs max=21.04ms p(90)=824.34µs p(95)=868.29µs
    iterations.....................: 5000   2571.008689/s
    vus............................: 2      min=2         max=2
    vus_max........................: 2      min=2         max=2

    NETWORK
    data_received..................: 755 kB 388 kB/s
    data_sent......................: 1.0 MB 518 kB/s



