Server listening on http://0.0.0.0:18218 (workers=8, queue=48, backlog=64, simulated_work_us=500)
SERVER_SUMMARY_BEGIN
worker_count=8
queue_capacity=48
simulated_work_us=500
total_requests_received=50001
total_requests_completed=48658
total_requests_failed=1343
total_503_responses=1343
total_queue_full_events=1343
enqueue_success_count=48658
enqueue_fail_count=1343
max_queue_length_observed=48
average_queue_length=2.830
average_queue_wait_ms=0.609
average_execution_ms=0.582
average_total_response_ms=1.269
throughput_success_rps=4649.147
worker_busy_ratio=0.3831
SERVER_SUMMARY_END
