Server listening on http://0.0.0.0:18104 (workers=8, queue=8, backlog=64, simulated_work_us=0)
SERVER_SUMMARY_BEGIN
worker_count=8
queue_capacity=8
simulated_work_us=0
total_requests_received=30001
total_requests_completed=29320
total_requests_failed=681
total_503_responses=681
total_queue_full_events=681
enqueue_success_count=29320
enqueue_fail_count=681
max_queue_length_observed=8
average_queue_length=0.040
average_queue_wait_ms=0.015
average_execution_ms=0.005
average_total_response_ms=0.047
throughput_success_rps=2799.652
worker_busy_ratio=0.0113
SERVER_SUMMARY_END
