Server listening on http://0.0.0.0:18106 (workers=8, queue=8, backlog=64, simulated_work_us=0)
SERVER_SUMMARY_BEGIN
worker_count=8
queue_capacity=8
simulated_work_us=0
total_requests_received=30001
total_requests_completed=29461
total_requests_failed=540
total_503_responses=540
total_queue_full_events=540
enqueue_success_count=29461
enqueue_fail_count=540
max_queue_length_observed=8
average_queue_length=0.032
average_queue_wait_ms=0.011
average_execution_ms=0.004
average_total_response_ms=0.041
throughput_success_rps=2816.118
worker_busy_ratio=0.0104
SERVER_SUMMARY_END
