Server listening on http://0.0.0.0:18209 (workers=8, queue=32, backlog=64, simulated_work_us=250)
SERVER_SUMMARY_BEGIN
worker_count=8
queue_capacity=32
simulated_work_us=250
total_requests_received=50001
total_requests_completed=48183
total_requests_failed=1818
total_503_responses=1818
total_queue_full_events=1818
enqueue_success_count=48183
enqueue_fail_count=1818
max_queue_length_observed=32
average_queue_length=1.095
average_queue_wait_ms=0.235
average_execution_ms=0.300
average_total_response_ms=0.585
throughput_success_rps=4670.596
worker_busy_ratio=0.2047
SERVER_SUMMARY_END
