Server listening on http://0.0.0.0:18113 (workers=8, queue=48, backlog=64, simulated_work_us=0)
SERVER_SUMMARY_BEGIN
worker_count=8
queue_capacity=48
simulated_work_us=0
total_requests_received=30001
total_requests_completed=29974
total_requests_failed=27
total_503_responses=27
total_queue_full_events=27
enqueue_success_count=29974
enqueue_fail_count=27
max_queue_length_observed=48
average_queue_length=0.053
average_queue_wait_ms=0.019
average_execution_ms=0.005
average_total_response_ms=0.047
throughput_success_rps=2895.380
worker_busy_ratio=0.0102
SERVER_SUMMARY_END
