

  █ THRESHOLDS 

    http_req_failed
    ✓ 'rate==0' rate=0.00%


  █ TOTAL RESULTS 

    checks_total.......: 5000    3853.490299/s
    checks_succeeded...: 100.00% 5000 out of 5000
    checks_failed......: 0.00%   0 out of 5000

    ✓ seed status is 200

    HTTP
    http_req_duration..............: avg=2.49ms min=590µs    med=2.48ms max=9.18ms p(90)=2.53ms p(95)=2.58ms
      { expected_response:true }...: avg=2.49ms min=590µs    med=2.48ms max=9.18ms p(90)=2.53ms p(95)=2.58ms
    http_req_failed................: 0.00%  0 out of 5000
    http_reqs......................: 5000   3853.490299/s

    EXECUTION
    iteration_duration.............: avg=2.58ms min=731.33µs med=2.55ms max=9.26ms p(90)=2.63ms p(95)=2.7ms 
    iterations.....................: 5000   3853.490299/s
    vus............................: 10     min=10        max=10
    vus_max........................: 10     min=10        max=10

    NETWORK
    data_received..................: 755 kB 582 kB/s
    data_sent......................: 1.0 MB 774 kB/s



