Server listening on http://0.0.0.0:18108 (workers=8, queue=64, backlog=64, simulated_work_us=0)
SERVER_SUMMARY_BEGIN
worker_count=8
queue_capacity=64
simulated_work_us=0
total_requests_received=50001
total_requests_completed=49566
total_requests_failed=435
total_503_responses=435
total_queue_full_events=435
enqueue_success_count=49566
enqueue_fail_count=435
max_queue_length_observed=64
average_queue_length=0.346
average_queue_wait_ms=0.074
average_execution_ms=0.008
average_total_response_ms=0.110
throughput_success_rps=4670.205
worker_busy_ratio=0.0210
SERVER_SUMMARY_END
