Server listening on http://0.0.0.0:18101 (workers=8, queue=32, backlog=64, simulated_work_us=0)
SERVER_SUMMARY_BEGIN
worker_count=8
queue_capacity=32
simulated_work_us=0
total_requests_received=50001
total_requests_completed=49054
total_requests_failed=947
total_503_responses=947
total_queue_full_events=947
enqueue_success_count=49054
enqueue_fail_count=947
max_queue_length_observed=32
average_queue_length=0.211
average_queue_wait_ms=0.044
average_execution_ms=0.008
average_total_response_ms=0.078
throughput_success_rps=4758.343
worker_busy_ratio=0.0201
SERVER_SUMMARY_END
