Server listening on http://0.0.0.0:18112 (workers=8, queue=8, backlog=64, simulated_work_us=0)
SERVER_SUMMARY_BEGIN
worker_count=8
queue_capacity=8
simulated_work_us=0
total_requests_received=28932
total_requests_completed=26737
total_requests_failed=2195
total_503_responses=2195
total_queue_full_events=2195
enqueue_success_count=26737
enqueue_fail_count=2195
max_queue_length_observed=8
average_queue_length=0.527
average_queue_wait_ms=0.214
average_execution_ms=0.012
average_total_response_ms=0.473
throughput_success_rps=2464.635
worker_busy_ratio=0.0796
SERVER_SUMMARY_END
