

  █ THRESHOLDS 

    http_req_failed
    ✓ 'rate==0' rate=0.00%


  █ TOTAL RESULTS 

    checks_total.......: 5000    4798.119137/s
    checks_succeeded...: 100.00% 5000 out of 5000
    checks_failed......: 0.00%   0 out of 5000

    ✓ seed status is 200

    HTTP
    http_req_duration..............: avg=327.2µs  min=285µs    med=308µs    max=29.9ms  p(90)=337µs    p(95)=358µs   
      { expected_response:true }...: avg=327.2µs  min=285µs    med=308µs    max=29.9ms  p(90)=337µs    p(95)=358µs   
    http_req_failed................: 0.00%  0 out of 5000
    http_reqs......................: 5000   4798.119137/s

    EXECUTION
    iteration_duration.............: avg=414.44µs min=347.37µs med=387.02µs max=30.05ms p(90)=448.33µs p(95)=504.09µs
    iterations.....................: 5000   4798.119137/s
    vus............................: 2      min=2         max=2
    vus_max........................: 2      min=2         max=2

    NETWORK
    data_received..................: 755 kB 725 kB/s
    data_sent......................: 1.0 MB 967 kB/s



