

  █ THRESHOLDS 

    http_req_failed
    ✓ 'rate==0' rate=0.00%


  █ TOTAL RESULTS 

    checks_total.......: 5000    4515.027366/s
    checks_succeeded...: 100.00% 5000 out of 5000
    checks_failed......: 0.00%   0 out of 5000

    ✓ seed status is 200

    HTTP
    http_req_duration..............: avg=338.74µs min=287µs    med=312µs    max=23.43ms p(90)=362µs   p(95)=392µs   
      { expected_response:true }...: avg=338.74µs min=287µs    med=312µs    max=23.43ms p(90)=362µs   p(95)=392µs   
    http_req_failed................: 0.00%  0 out of 5000
    http_reqs......................: 5000   4515.027366/s

    EXECUTION
    iteration_duration.............: avg=440.34µs min=356.33µs med=398.97µs max=23.6ms  p(90)=503.5µs p(95)=561.88µs
    iterations.....................: 5000   4515.027366/s
    vus............................: 2      min=2         max=2
    vus_max........................: 2      min=2         max=2

    NETWORK
    data_received..................: 755 kB 682 kB/s
    data_sent......................: 1.0 MB 910 kB/s



