Server listening on http://0.0.0.0:18214 (workers=8, queue=64, backlog=64, simulated_work_us=250)
SERVER_SUMMARY_BEGIN
worker_count=8
queue_capacity=64
simulated_work_us=250
total_requests_received=49606
total_requests_completed=48099
total_requests_failed=1507
total_503_responses=1507
total_queue_full_events=1507
enqueue_success_count=48099
enqueue_fail_count=1507
max_queue_length_observed=64
average_queue_length=2.665
average_queue_wait_ms=0.588
average_execution_ms=0.289
average_total_response_ms=0.959
throughput_success_rps=4534.711
worker_busy_ratio=0.2102
SERVER_SUMMARY_END
