Server listening on http://0.0.0.0:18214 (workers=8, queue=48, backlog=64, simulated_work_us=100)
SERVER_SUMMARY_BEGIN
worker_count=8
queue_capacity=48
simulated_work_us=100
total_requests_received=30001
total_requests_completed=29978
total_requests_failed=23
total_503_responses=23
total_queue_full_events=23
enqueue_success_count=29978
enqueue_fail_count=23
max_queue_length_observed=48
average_queue_length=0.055
average_queue_wait_ms=0.020
average_execution_ms=0.104
average_total_response_ms=0.145
throughput_success_rps=2859.714
worker_busy_ratio=0.0449
SERVER_SUMMARY_END
