Server listening on http://0.0.0.0:18208 (workers=8, queue=64, backlog=64, simulated_work_us=0)
SERVER_SUMMARY_BEGIN
worker_count=8
queue_capacity=64
simulated_work_us=0
total_requests_received=30001
total_requests_completed=29996
total_requests_failed=5
total_503_responses=5
total_queue_full_events=5
enqueue_success_count=29996
enqueue_fail_count=5
max_queue_length_observed=64
average_queue_length=0.097
average_queue_wait_ms=0.034
average_execution_ms=0.005
average_total_response_ms=0.069
throughput_success_rps=2866.763
worker_busy_ratio=0.0123
SERVER_SUMMARY_END
