Server listening on http://0.0.0.0:18102 (workers=8, queue=8, backlog=64, simulated_work_us=0)
SERVER_SUMMARY_BEGIN
worker_count=8
queue_capacity=8
simulated_work_us=0
total_requests_received=50001
total_requests_completed=46808
total_requests_failed=3193
total_503_responses=3193
total_queue_full_events=3193
enqueue_success_count=46808
enqueue_fail_count=3193
max_queue_length_observed=8
average_queue_length=0.288
average_queue_wait_ms=0.065
average_execution_ms=0.014
average_total_response_ms=0.139
throughput_success_rps=4467.388
worker_busy_ratio=0.0413
SERVER_SUMMARY_END
