Server listening on http://0.0.0.0:18181 (workers=1, queue=32, backlog=64, simulated_work_us=500)
SERVER_SUMMARY_BEGIN
worker_count=1
queue_capacity=32
simulated_work_us=500
total_requests_received=30003
total_requests_completed=19034
total_requests_failed=10969
total_503_responses=10969
total_queue_full_events=10969
enqueue_success_count=19034
enqueue_fail_count=10969
max_queue_length_observed=32
average_queue_length=29.955
average_queue_wait_ms=16.494
average_execution_ms=0.512
average_total_response_ms=17.017
throughput_success_rps=1816.162
worker_busy_ratio=0.9500
SERVER_SUMMARY_END
