

  █ THRESHOLDS 

    http_req_failed
    ✓ 'rate==0' rate=0.00%


  █ TOTAL RESULTS 

    checks_total.......: 5000    2576.663468/s
    checks_succeeded...: 100.00% 5000 out of 5000
    checks_failed......: 0.00%   0 out of 5000

    ✓ seed status is 200

    HTTP
    http_req_duration..............: avg=629.04µs min=557µs    med=606µs    max=23.08ms p(90)=648µs    p(95)=671µs   
      { expected_response:true }...: avg=629.04µs min=557µs    med=606µs    max=23.08ms p(90)=648µs    p(95)=671µs   
    http_req_failed................: 0.00%  0 out of 5000
    http_reqs......................: 5000   2576.663468/s

    EXECUTION
    iteration_duration.............: avg=774µs    min=656.29µs med=742.49µs max=23.26ms p(90)=819.13µs p(95)=854.37µs
    iterations.....................: 5000   2576.663468/s
    vus............................: 2      min=2         max=2
    vus_max........................: 2      min=2         max=2

    NETWORK
    data_received..................: 755 kB 389 kB/s
    data_sent......................: 1.0 MB 519 kB/s



