Server listening on http://0.0.0.0:18212 (workers=8, queue=48, backlog=64, simulated_work_us=500)
SERVER_SUMMARY_BEGIN
worker_count=8
queue_capacity=48
simulated_work_us=500
total_requests_received=30001
total_requests_completed=29919
total_requests_failed=82
total_503_responses=82
total_queue_full_events=82
enqueue_success_count=29919
enqueue_fail_count=82
max_queue_length_observed=48
average_queue_length=0.189
average_queue_wait_ms=0.066
average_execution_ms=0.506
average_total_response_ms=0.605
throughput_success_rps=2859.464
worker_busy_ratio=0.1926
SERVER_SUMMARY_END
