Server listening on http://0.0.0.0:18210 (workers=8, queue=32, backlog=64, simulated_work_us=100)
SERVER_SUMMARY_BEGIN
worker_count=8
queue_capacity=32
simulated_work_us=100
total_requests_received=30034
total_requests_completed=29858
total_requests_failed=176
total_503_responses=176
total_queue_full_events=176
enqueue_success_count=29858
enqueue_fail_count=176
max_queue_length_observed=32
average_queue_length=0.065
average_queue_wait_ms=0.023
average_execution_ms=0.104
average_total_response_ms=0.150
throughput_success_rps=2851.600
worker_busy_ratio=0.0453
SERVER_SUMMARY_END
