

  █ THRESHOLDS 

    http_req_failed
    ✓ 'rate==0' rate=0.00%


  █ TOTAL RESULTS 

    checks_total.......: 5000    2593.996041/s
    checks_succeeded...: 100.00% 5000 out of 5000
    checks_failed......: 0.00%   0 out of 5000

    ✓ seed status is 200

    HTTP
    http_req_duration..............: avg=627.36µs min=541µs    med=602µs    max=28.13ms p(90)=643.1µs  p(95)=674µs   
      { expected_response:true }...: avg=627.36µs min=541µs    med=602µs    max=28.13ms p(90)=643.1µs  p(95)=674µs   
    http_req_failed................: 0.00%  0 out of 5000
    http_reqs......................: 5000   2593.996041/s

    EXECUTION
    iteration_duration.............: avg=768.57µs min=616.12µs med=739.08µs max=28.27ms p(90)=817.21µs p(95)=859.46µs
    iterations.....................: 5000   2593.996041/s
    vus............................: 2      min=2         max=2
    vus_max........................: 2      min=2         max=2

    NETWORK
    data_received..................: 755 kB 392 kB/s
    data_sent......................: 1.0 MB 523 kB/s



