

  █ THRESHOLDS 

    http_req_failed
    ✓ 'rate==0' rate=0.00%


  █ TOTAL RESULTS 

    checks_total.......: 5000    2636.410517/s
    checks_succeeded...: 100.00% 5000 out of 5000
    checks_failed......: 0.00%   0 out of 5000

    ✓ seed status is 200

    HTTP
    http_req_duration..............: avg=623.86µs min=539µs    med=591µs    max=23.94ms p(90)=630µs p(95)=650µs  
      { expected_response:true }...: avg=623.86µs min=539µs    med=591µs    max=23.94ms p(90)=630µs p(95)=650µs  
    http_req_failed................: 0.00%  0 out of 5000
    http_reqs......................: 5000   2636.410517/s

    EXECUTION
    iteration_duration.............: avg=756.12µs min=607.87µs med=722.52µs max=24.07ms p(90)=788µs p(95)=819.5µs
    iterations.....................: 5000   2636.410517/s
    vus............................: 2      min=2         max=2
    vus_max........................: 2      min=2         max=2

    NETWORK
    data_received..................: 755 kB 398 kB/s
    data_sent......................: 1.0 MB 531 kB/s



