

  █ THRESHOLDS 

    http_req_failed
    ✓ 'rate==0' rate=0.00%


  █ TOTAL RESULTS 

    checks_total.......: 5000    4905.79885/s
    checks_succeeded...: 100.00% 5000 out of 5000
    checks_failed......: 0.00%   0 out of 5000

    ✓ seed status is 200

    HTTP
    http_req_duration..............: avg=321.35µs min=287µs    med=306µs    max=22.6ms  p(90)=329µs    p(95)=343µs   
      { expected_response:true }...: avg=321.35µs min=287µs    med=306µs    max=22.6ms  p(90)=329µs    p(95)=343µs   
    http_req_failed................: 0.00%  0 out of 5000
    http_reqs......................: 5000   4905.79885/s

    EXECUTION
    iteration_duration.............: avg=405.31µs min=347.58µs med=383.91µs max=22.74ms p(90)=423.64µs p(95)=463.79µs
    iterations.....................: 5000   4905.79885/s
    vus............................: 2      min=2         max=2
    vus_max........................: 2      min=2         max=2

    NETWORK
    data_received..................: 755 kB 741 kB/s
    data_sent......................: 1.0 MB 989 kB/s



