Server listening on http://0.0.0.0:18216 (workers=8, queue=64, backlog=64, simulated_work_us=250)
SERVER_SUMMARY_BEGIN
worker_count=8
queue_capacity=64
simulated_work_us=250
total_requests_received=30001
total_requests_completed=29968
total_requests_failed=33
total_503_responses=33
total_queue_full_events=33
enqueue_success_count=29968
enqueue_fail_count=33
max_queue_length_observed=64
average_queue_length=0.224
average_queue_wait_ms=0.078
average_execution_ms=0.256
average_total_response_ms=0.372
throughput_success_rps=2896.940
worker_busy_ratio=0.1065
SERVER_SUMMARY_END
