Server listening on http://0.0.0.0:18110 (workers=8, queue=64, backlog=64, simulated_work_us=0)
SERVER_SUMMARY_BEGIN
worker_count=8
queue_capacity=64
simulated_work_us=0
total_requests_received=29995
total_requests_completed=29874
total_requests_failed=121
total_503_responses=121
total_queue_full_events=121
enqueue_success_count=29874
enqueue_fail_count=121
max_queue_length_observed=64
average_queue_length=0.226
average_queue_wait_ms=0.079
average_execution_ms=0.005
average_total_response_ms=0.115
throughput_success_rps=2851.274
worker_busy_ratio=0.0129
SERVER_SUMMARY_END
