Server listening on http://0.0.0.0:18107 (workers=8, queue=128, backlog=64, simulated_work_us=0)
SERVER_SUMMARY_BEGIN
worker_count=8
queue_capacity=128
simulated_work_us=0
total_requests_received=30000
total_requests_completed=29969
total_requests_failed=31
total_503_responses=31
total_queue_full_events=31
enqueue_success_count=29969
enqueue_fail_count=31
max_queue_length_observed=128
average_queue_length=1.111
average_queue_wait_ms=0.383
average_execution_ms=0.009
average_total_response_ms=0.465
throughput_success_rps=2899.769
worker_busy_ratio=0.0298
SERVER_SUMMARY_END
