

  █ THRESHOLDS 

    http_req_failed
    ✓ 'rate==0' rate=0.00%


  █ TOTAL RESULTS 

    checks_total.......: 5000    4778.72131/s
    checks_succeeded...: 100.00% 5000 out of 5000
    checks_failed......: 0.00%   0 out of 5000

    ✓ seed status is 200

    HTTP
    http_req_duration..............: avg=321.34µs min=284µs    med=308µs    max=14.16ms p(90)=352µs    p(95)=373µs   
      { expected_response:true }...: avg=321.34µs min=284µs    med=308µs    max=14.16ms p(90)=352µs    p(95)=373µs   
    http_req_failed................: 0.00%  0 out of 5000
    http_reqs......................: 5000   4778.72131/s

    EXECUTION
    iteration_duration.............: avg=416.18µs min=345.58µs med=388.91µs max=14.62ms p(90)=479.75µs p(95)=527.41µs
    iterations.....................: 5000   4778.72131/s
    vus............................: 2      min=2         max=2
    vus_max........................: 2      min=2         max=2

    NETWORK
    data_received..................: 755 kB 722 kB/s
    data_sent......................: 1.0 MB 963 kB/s



