Server listening on http://0.0.0.0:18207 (workers=8, queue=32, backlog=64, simulated_work_us=250)
SERVER_SUMMARY_BEGIN
worker_count=8
queue_capacity=32
simulated_work_us=250
total_requests_received=30000
total_requests_completed=29634
total_requests_failed=366
total_503_responses=366
total_queue_full_events=366
enqueue_success_count=29634
enqueue_fail_count=366
max_queue_length_observed=32
average_queue_length=0.241
average_queue_wait_ms=0.085
average_execution_ms=0.256
average_total_response_ms=0.379
throughput_success_rps=2835.787
worker_busy_ratio=0.1042
SERVER_SUMMARY_END
