Server listening on http://0.0.0.0:18112 (workers=8, queue=32, backlog=64, simulated_work_us=0)
SERVER_SUMMARY_BEGIN
worker_count=8
queue_capacity=32
simulated_work_us=0
total_requests_received=30001
total_requests_completed=29770
total_requests_failed=231
total_503_responses=231
total_queue_full_events=231
enqueue_success_count=29770
enqueue_fail_count=231
max_queue_length_observed=32
average_queue_length=0.085
average_queue_wait_ms=0.030
average_execution_ms=0.005
average_total_response_ms=0.059
throughput_success_rps=2842.628
worker_busy_ratio=0.0104
SERVER_SUMMARY_END
