Server listening on http://0.0.0.0:18206 (workers=8, queue=64, backlog=64, simulated_work_us=100)
SERVER_SUMMARY_BEGIN
worker_count=8
queue_capacity=64
simulated_work_us=100
total_requests_received=50000
total_requests_completed=49617
total_requests_failed=383
total_503_responses=383
total_queue_full_events=383
enqueue_success_count=49617
enqueue_fail_count=383
max_queue_length_observed=64
average_queue_length=0.887
average_queue_wait_ms=0.188
average_execution_ms=0.111
average_total_response_ms=0.348
throughput_success_rps=4730.701
worker_busy_ratio=0.0947
SERVER_SUMMARY_END
