Server listening on http://0.0.0.0:18212 (workers=8, queue=48, backlog=64, simulated_work_us=250)
SERVER_SUMMARY_BEGIN
worker_count=8
queue_capacity=48
simulated_work_us=250
total_requests_received=50001
total_requests_completed=49183
total_requests_failed=818
total_503_responses=818
total_queue_full_events=818
enqueue_success_count=49183
enqueue_fail_count=818
max_queue_length_observed=48
average_queue_length=0.949
average_queue_wait_ms=0.202
average_execution_ms=0.272
average_total_response_ms=0.521
throughput_success_rps=4696.278
worker_busy_ratio=0.1869
SERVER_SUMMARY_END
