

  █ THRESHOLDS 

    http_req_failed
    ✓ 'rate==0' rate=0.00%


  █ TOTAL RESULTS 

    checks_total.......: 5000    4685.403282/s
    checks_succeeded...: 100.00% 5000 out of 5000
    checks_failed......: 0.00%   0 out of 5000

    ✓ seed status is 200

    HTTP
    http_req_duration..............: avg=329.06µs min=287µs    med=308µs    max=19.9ms p(90)=352µs    p(95)=381µs   
      { expected_response:true }...: avg=329.06µs min=287µs    med=308µs    max=19.9ms p(90)=352µs    p(95)=381µs   
    http_req_failed................: 0.00%  0 out of 5000
    http_reqs......................: 5000   4685.403282/s

    EXECUTION
    iteration_duration.............: avg=424.48µs min=353.12µs med=389.41µs max=20ms   p(90)=484.05µs p(95)=538.83µs
    iterations.....................: 5000   4685.403282/s
    vus............................: 2      min=2         max=2
    vus_max........................: 2      min=2         max=2

    NETWORK
    data_received..................: 755 kB 708 kB/s
    data_sent......................: 1.0 MB 944 kB/s



