Server listening on http://0.0.0.0:18113 (workers=8, queue=128, backlog=64, simulated_work_us=0)
SERVER_SUMMARY_BEGIN
worker_count=8
queue_capacity=128
simulated_work_us=0
total_requests_received=50000
total_requests_completed=49229
total_requests_failed=771
total_503_responses=771
total_queue_full_events=771
enqueue_success_count=49229
enqueue_fail_count=771
max_queue_length_observed=128
average_queue_length=1.972
average_queue_wait_ms=0.420
average_execution_ms=0.034
average_total_response_ms=0.495
throughput_success_rps=4698.227
worker_busy_ratio=0.0441
SERVER_SUMMARY_END
