Server listening on http://0.0.0.0:18111 (workers=8, queue=64, backlog=64, simulated_work_us=0)
SERVER_SUMMARY_BEGIN
worker_count=8
queue_capacity=64
simulated_work_us=0
total_requests_received=24468
total_requests_completed=22567
total_requests_failed=1901
total_503_responses=1901
total_queue_full_events=1901
enqueue_success_count=22567
enqueue_fail_count=1901
max_queue_length_observed=64
average_queue_length=15.403
average_queue_wait_ms=7.176
average_execution_ms=0.014
average_total_response_ms=8.112
throughput_success_rps=2146.608
worker_busy_ratio=0.2511
SERVER_SUMMARY_END
