

  █ THRESHOLDS 

    http_req_failed
    ✓ 'rate==0' rate=0.00%


  █ TOTAL RESULTS 

    checks_total.......: 5000    4836.357024/s
    checks_succeeded...: 100.00% 5000 out of 5000
    checks_failed......: 0.00%   0 out of 5000

    ✓ seed status is 200

    HTTP
    http_req_duration..............: avg=318.66µs min=285µs    med=306µs   max=15.35ms p(90)=343µs   p(95)=366µs   
      { expected_response:true }...: avg=318.66µs min=285µs    med=306µs   max=15.35ms p(90)=343µs   p(95)=366µs   
    http_req_failed................: 0.00%  0 out of 5000
    http_reqs......................: 5000   4836.357024/s

    EXECUTION
    iteration_duration.............: avg=411.2µs  min=350.95µs med=386.2µs max=15.66ms p(90)=465.5µs p(95)=509.79µs
    iterations.....................: 5000   4836.357024/s
    vus............................: 2      min=2         max=2
    vus_max........................: 2      min=2         max=2

    NETWORK
    data_received..................: 755 kB 730 kB/s
    data_sent......................: 1.0 MB 975 kB/s



