Server listening on http://0.0.0.0:18212 (workers=8, queue=48, backlog=64, simulated_work_us=500)
SERVER_SUMMARY_BEGIN
worker_count=8
queue_capacity=48
simulated_work_us=500
total_requests_received=30001
total_requests_completed=29880
total_requests_failed=121
total_503_responses=121
total_queue_full_events=121
enqueue_success_count=29880
enqueue_fail_count=121
max_queue_length_observed=48
average_queue_length=0.292
average_queue_wait_ms=0.103
average_execution_ms=0.508
average_total_response_ms=0.639
throughput_success_rps=2856.238
worker_busy_ratio=0.1914
SERVER_SUMMARY_END
