Server listening on http://0.0.0.0:18119 (workers=8, queue=48, backlog=64, simulated_work_us=0)
SERVER_SUMMARY_BEGIN
worker_count=8
queue_capacity=48
simulated_work_us=0
total_requests_received=30000
total_requests_completed=29912
total_requests_failed=88
total_503_responses=88
total_queue_full_events=88
enqueue_success_count=29912
enqueue_fail_count=88
max_queue_length_observed=48
average_queue_length=0.242
average_queue_wait_ms=0.085
average_execution_ms=0.005
average_total_response_ms=0.114
throughput_success_rps=2855.082
worker_busy_ratio=0.0103
SERVER_SUMMARY_END
