

  █ THRESHOLDS 

    http_req_failed
    ✓ 'rate==0' rate=0.00%


  █ TOTAL RESULTS 

    checks_total.......: 5000    4589.947831/s
    checks_succeeded...: 100.00% 5000 out of 5000
    checks_failed......: 0.00%   0 out of 5000

    ✓ seed status is 200

    HTTP
    http_req_duration..............: avg=331.01µs min=286µs    med=311µs    max=12.61ms p(90)=362µs    p(95)=390µs   
      { expected_response:true }...: avg=331.01µs min=286µs    med=311µs    max=12.61ms p(90)=362µs    p(95)=390µs   
    http_req_failed................: 0.00%  0 out of 5000
    http_reqs......................: 5000   4589.947831/s

    EXECUTION
    iteration_duration.............: avg=433.45µs min=346.08µs med=393.58µs max=12.74ms p(90)=509.21µs p(95)=558.22µs
    iterations.....................: 5000   4589.947831/s
    vus............................: 2      min=2         max=2
    vus_max........................: 2      min=2         max=2

    NETWORK
    data_received..................: 755 kB 693 kB/s
    data_sent......................: 1.0 MB 925 kB/s



