Server listening on http://0.0.0.0:18115 (workers=8, queue=64, backlog=64, simulated_work_us=0)
SERVER_SUMMARY_BEGIN
worker_count=8
queue_capacity=64
simulated_work_us=0
total_requests_received=50000
total_requests_completed=49155
total_requests_failed=845
total_503_responses=845
total_queue_full_events=845
enqueue_success_count=49155
enqueue_fail_count=845
max_queue_length_observed=64
average_queue_length=0.698
average_queue_wait_ms=0.148
average_execution_ms=0.017
average_total_response_ms=0.205
throughput_success_rps=4720.228
worker_busy_ratio=0.0334
SERVER_SUMMARY_END
