Server listening on http://0.0.0.0:18116 (workers=8, queue=32, backlog=64, simulated_work_us=0)
SERVER_SUMMARY_BEGIN
worker_count=8
queue_capacity=32
simulated_work_us=0
total_requests_received=30000
total_requests_completed=29860
total_requests_failed=140
total_503_responses=140
total_queue_full_events=140
enqueue_success_count=29860
enqueue_fail_count=140
max_queue_length_observed=32
average_queue_length=0.060
average_queue_wait_ms=0.021
average_execution_ms=0.004
average_total_response_ms=0.052
throughput_success_rps=2855.982
worker_busy_ratio=0.0111
SERVER_SUMMARY_END
