Server listening on http://0.0.0.0:18205 (workers=8, queue=48, backlog=64, simulated_work_us=100)
SERVER_SUMMARY_BEGIN
worker_count=8
queue_capacity=48
simulated_work_us=100
total_requests_received=50001
total_requests_completed=49501
total_requests_failed=500
total_503_responses=500
total_queue_full_events=500
enqueue_success_count=49501
enqueue_fail_count=500
max_queue_length_observed=48
average_queue_length=0.339
average_queue_wait_ms=0.072
average_execution_ms=0.111
average_total_response_ms=0.219
throughput_success_rps=4727.588
worker_busy_ratio=0.0872
SERVER_SUMMARY_END
