

  █ THRESHOLDS 

    http_req_failed
    ✓ 'rate==0' rate=0.00%


  █ TOTAL RESULTS 

    checks_total.......: 5000    4592.3044/s
    checks_succeeded...: 100.00% 5000 out of 5000
    checks_failed......: 0.00%   0 out of 5000

    ✓ seed status is 200

    HTTP
    http_req_duration..............: avg=331.07µs min=288µs    med=313µs    max=11.9ms p(90)=370µs    p(95)=393µs
      { expected_response:true }...: avg=331.07µs min=288µs    med=313µs    max=11.9ms p(90)=370µs    p(95)=393µs
    http_req_failed................: 0.00%  0 out of 5000
    http_reqs......................: 5000   4592.3044/s

    EXECUTION
    iteration_duration.............: avg=433.2µs  min=349.04µs med=398.58µs max=12ms   p(90)=513.84µs p(95)=550µs
    iterations.....................: 5000   4592.3044/s
    vus............................: 2      min=2         max=2
    vus_max........................: 2      min=2         max=2

    NETWORK
    data_received..................: 755 kB 693 kB/s
    data_sent......................: 1.0 MB 926 kB/s



