Server listening on http://0.0.0.0:18219 (workers=8, queue=64, backlog=64, simulated_work_us=0)
SERVER_SUMMARY_BEGIN
worker_count=8
queue_capacity=64
simulated_work_us=0
total_requests_received=50000
total_requests_completed=49474
total_requests_failed=526
total_503_responses=526
total_queue_full_events=526
enqueue_success_count=49474
enqueue_fail_count=526
max_queue_length_observed=64
average_queue_length=0.369
average_queue_wait_ms=0.078
average_execution_ms=0.010
average_total_response_ms=0.115
throughput_success_rps=4730.951
worker_busy_ratio=0.0217
SERVER_SUMMARY_END
