

  █ THRESHOLDS 

    http_req_failed
    ✓ 'rate==0' rate=0.00%


  █ TOTAL RESULTS 

    checks_total.......: 5000    2566.480836/s
    checks_succeeded...: 100.00% 5000 out of 5000
    checks_failed......: 0.00%   0 out of 5000

    ✓ seed status is 200

    HTTP
    http_req_duration..............: avg=628.01µs min=540µs    med=602µs   max=35.34ms p(90)=645µs    p(95)=668µs   
      { expected_response:true }...: avg=628.01µs min=540µs    med=602µs   max=35.34ms p(90)=645µs    p(95)=668µs   
    http_req_failed................: 0.00%  0 out of 5000
    http_reqs......................: 5000   2566.480836/s

    EXECUTION
    iteration_duration.............: avg=776.95µs min=610.66µs med=740.1µs max=35.53ms p(90)=817.83µs p(95)=854.37µs
    iterations.....................: 5000   2566.480836/s
    vus............................: 2      min=2         max=2
    vus_max........................: 2      min=2         max=2

    NETWORK
    data_received..................: 755 kB 388 kB/s
    data_sent......................: 1.0 MB 517 kB/s



