

  █ THRESHOLDS 

    http_req_failed
    ✓ 'rate==0' rate=0.00%


  █ TOTAL RESULTS 

    checks_total.......: 5000    4775.613045/s
    checks_succeeded...: 100.00% 5000 out of 5000
    checks_failed......: 0.00%   0 out of 5000

    ✓ seed status is 200

    HTTP
    http_req_duration..............: avg=322.96µs min=290µs   med=308µs    max=15.86ms p(90)=334µs    p(95)=356µs   
      { expected_response:true }...: avg=322.96µs min=290µs   med=308µs    max=15.86ms p(90)=334µs    p(95)=356µs   
    http_req_failed................: 0.00%  0 out of 5000
    http_reqs......................: 5000   4775.613045/s

    EXECUTION
    iteration_duration.............: avg=416.26µs min=360.2µs med=395.37µs max=15.96ms p(90)=442.58µs p(95)=490.26µs
    iterations.....................: 5000   4775.613045/s
    vus............................: 2      min=2         max=2
    vus_max........................: 2      min=2         max=2

    NETWORK
    data_received..................: 755 kB 721 kB/s
    data_sent......................: 1.0 MB 963 kB/s



