Server listening on http://0.0.0.0:18203 (workers=8, queue=48, backlog=64, simulated_work_us=250)
SERVER_SUMMARY_BEGIN
worker_count=8
queue_capacity=48
simulated_work_us=250
total_requests_received=50001
total_requests_completed=49292
total_requests_failed=709
total_503_responses=709
total_queue_full_events=709
enqueue_success_count=49292
enqueue_fail_count=709
max_queue_length_observed=48
average_queue_length=0.964
average_queue_wait_ms=0.202
average_execution_ms=0.283
average_total_response_ms=0.528
throughput_success_rps=4780.768
worker_busy_ratio=0.1947
SERVER_SUMMARY_END
