Server listening on http://0.0.0.0:18114 (workers=8, queue=32, backlog=64, simulated_work_us=0)
SERVER_SUMMARY_BEGIN
worker_count=8
queue_capacity=32
simulated_work_us=0
total_requests_received=50000
total_requests_completed=49161
total_requests_failed=839
total_503_responses=839
total_queue_full_events=839
enqueue_success_count=49161
enqueue_fail_count=839
max_queue_length_observed=32
average_queue_length=0.267
average_queue_wait_ms=0.056
average_execution_ms=0.012
average_total_response_ms=0.094
throughput_success_rps=4766.204
worker_busy_ratio=0.0225
SERVER_SUMMARY_END
